INFO:root:Начало работы
INFO:root:Выберите действие: 1) Зашифровать текст 2) Расшифровать текст 3) Выход
ERROR:root:Неверный формат ввода
INFO:root:Выберите действие: 1) Зашифровать текст 2) Расшифровать текст 3) Выход
INFO:root:Зашифровка текста
INFO:root:Введите текст который надо зашифровать: 
INFO:root:Введенный тест: Hello, my name is Dmitry!
INFO:root:Преобразование всех букв в строчные...
INFO:root:Изменение букв и добавление их к строке с зашифрованном текстом...
INFO:root:Исходный текст: hello, my name is dmitry!
INFO:root:Зашифрованный текст: khoor, pb qdph lv gplwub!
INFO:root:Выберите действие: 1) Зашифровать текст 2) Расшифровать текст 3) Выход
INFO:root:Расшифровка текста
INFO:root:Введите текст который надо зашифровать: 
INFO:root:Введенный тест: khoor, pb qdph lv gplwub!
INFO:root:Преобразование всех букв в строчные...
INFO:root:Изменение букв и добавление их к строке с зашифрованном текстом...
INFO:root:Исходный текст: khoor, pb qdph lv gplwub!
INFO:root:Расшифрованный текст: hello, my name is dmitry!
INFO:root:Выберите действие: 1) Зашифровать текст 2) Расшифровать текст 3) Выход
INFO:root:Зашифровка текста
INFO:root:Введите текст который надо зашифровать: 
INFO:root:Введенный тест: Привет, меня зовут Дима
INFO:root:Преобразование всех букв в строчные...
INFO:root:Изменение букв и добавление их к строке с зашифрованном текстом...
INFO:root:Исходный текст: привет, меня зовут дима
INFO:root:Зашифрованный текст: тулезх, пзрв ксецх жлпг
INFO:root:Выберите действие: 1) Зашифровать текст 2) Расшифровать текст 3) Выход
INFO:root:Расшифровка текста
INFO:root:Введите текст который надо зашифровать: 
INFO:root:Введенный тест: тулезх, пзрв ксецх жлпг
INFO:root:Преобразование всех букв в строчные...
INFO:root:Изменение букв и добавление их к строке с зашифрованном текстом...
INFO:root:Исходный текст: тулезх, пзрв ксецх жлпг
INFO:root:Расшифрованный текст: привет, меня зовут дима
INFO:root:Выберите действие: 1) Зашифровать текст 2) Расшифровать текст 3) Выход
INFO:root:Выход
